<?xml version="1.0" encoding="UTF-8"?>
<!-- Generated by org.testng.reporters.JUnitXMLReporter -->
<testsuite hostname="DESKTOP-1NM9JP4" ignored="0" name="Default test" tests="5" failures="0" timestamp="17 nov 2017 18:28:49 GMT" time="104.127" errors="0">
  <testcase name="login" time="6.908" classname="test.reservarvuelo.cp005ReservarVuelo"/>
  <testcase name="diligenciarFindFlight" time="1.323" classname="test.reservarvuelo.cp005ReservarVuelo"/>
  <testcase name="diligenciarSelectFlight" time="2.281" classname="test.reservarvuelo.cp005ReservarVuelo"/>
  <testcase name="diligenciarBookFlight" time="32.771" classname="test.reservarvuelo.cp005ReservarVuelo"/>
  <testcase name="verificarConfirmationFlight" time="1.815" classname="test.reservarvuelo.cp005ReservarVuelo"/>
</testsuite> <!-- Default test -->
