<?xml version="1.0" encoding="UTF-8"?>
<!-- Generated by org.testng.reporters.JUnitXMLReporter -->
<testsuite hostname="DESKTOP-1NM9JP4" ignored="0" name="Default test" tests="5" failures="0" timestamp="16 nov 2017 19:01:46 GMT" time="285.459" errors="0">
  <testcase name="login" time="30.27" classname="test.reservarvuelo.cp005ReservarVuelo"/>
  <testcase name="diligenciarFindFlight" time="0.51" classname="test.reservarvuelo.cp005ReservarVuelo"/>
  <testcase name="diligenciarSelectFlight" time="9.363" classname="test.reservarvuelo.cp005ReservarVuelo"/>
  <testcase name="diligenciarBookFlight" time="0.002" classname="test.reservarvuelo.cp005ReservarVuelo"/>
  <testcase name="verificarConfirmationFlight" time="0.001" classname="test.reservarvuelo.cp005ReservarVuelo"/>
</testsuite> <!-- Default test -->
