<?xml version="1.0" encoding="UTF-8"?>
<testng-results skipped="0" failed="0" ignored="0" total="5" passed="5">
  <reporter-output>
  </reporter-output>
  <suite name="Default suite" duration-ms="104127" started-at="2017-11-17T18:27:05Z" finished-at="2017-11-17T18:28:49Z">
    <groups>
    </groups>
    <test name="Default test" duration-ms="104127" started-at="2017-11-17T18:27:05Z" finished-at="2017-11-17T18:28:49Z">
      <class name="test.reservarvuelo.cp005ReservarVuelo">
        <test-method status="PASS" signature="initializeTestBaseSetup()[pri:0, instance:test.reservarvuelo.cp005ReservarVuelo@d56d67]" name="initializeTestBaseSetup" is-config="true" duration-ms="58136" started-at="2017-11-17T13:27:05Z" finished-at="2017-11-17T13:28:03Z">
          <reporter-output>
          </reporter-output>
        </test-method> <!-- initializeTestBaseSetup -->
        <test-method status="PASS" signature="login()[pri:0, instance:test.reservarvuelo.cp005ReservarVuelo@d56d67]" name="login" duration-ms="6908" started-at="2017-11-17T13:28:03Z" finished-at="2017-11-17T13:28:10Z">
          <reporter-output>
          </reporter-output>
        </test-method> <!-- login -->
        <test-method status="PASS" signature="diligenciarFindFlight()[pri:1, instance:test.reservarvuelo.cp005ReservarVuelo@d56d67]" name="diligenciarFindFlight" duration-ms="1323" started-at="2017-11-17T13:28:10Z" depends-on-methods="test.reservarvuelo.cp005ReservarVuelo.login" finished-at="2017-11-17T13:28:11Z">
          <reporter-output>
          </reporter-output>
        </test-method> <!-- diligenciarFindFlight -->
        <test-method status="PASS" signature="diligenciarSelectFlight()[pri:2, instance:test.reservarvuelo.cp005ReservarVuelo@d56d67]" name="diligenciarSelectFlight" duration-ms="2281" started-at="2017-11-17T13:28:11Z" depends-on-methods="test.reservarvuelo.cp005ReservarVuelo.diligenciarFindFlight, test.reservarvuelo.cp005ReservarVuelo.login" finished-at="2017-11-17T13:28:14Z">
          <reporter-output>
          </reporter-output>
        </test-method> <!-- diligenciarSelectFlight -->
        <test-method status="PASS" signature="diligenciarBookFlight()[pri:3, instance:test.reservarvuelo.cp005ReservarVuelo@d56d67]" name="diligenciarBookFlight" duration-ms="32771" started-at="2017-11-17T13:28:14Z" depends-on-methods="test.reservarvuelo.cp005ReservarVuelo.diligenciarSelectFlight, test.reservarvuelo.cp005ReservarVuelo.diligenciarFindFlight, test.reservarvuelo.cp005ReservarVuelo.login" finished-at="2017-11-17T13:28:46Z">
          <reporter-output>
          </reporter-output>
        </test-method> <!-- diligenciarBookFlight -->
        <test-method status="PASS" signature="verificarConfirmationFlight()[pri:4, instance:test.reservarvuelo.cp005ReservarVuelo@d56d67]" name="verificarConfirmationFlight" duration-ms="1815" started-at="2017-11-17T13:28:46Z" depends-on-methods="test.reservarvuelo.cp005ReservarVuelo.diligenciarSelectFlight, test.reservarvuelo.cp005ReservarVuelo.diligenciarBookFlight, test.reservarvuelo.cp005ReservarVuelo.diligenciarFindFlight, test.reservarvuelo.cp005ReservarVuelo.login" finished-at="2017-11-17T13:28:48Z">
          <reporter-output>
          </reporter-output>
        </test-method> <!-- verificarConfirmationFlight -->
        <test-method status="PASS" signature="tearDown()[pri:0, instance:test.reservarvuelo.cp005ReservarVuelo@d56d67]" name="tearDown" is-config="true" duration-ms="838" started-at="2017-11-17T13:28:48Z" finished-at="2017-11-17T13:28:49Z">
          <reporter-output>
          </reporter-output>
        </test-method> <!-- tearDown -->
      </class> <!-- test.reservarvuelo.cp005ReservarVuelo -->
    </test> <!-- Default test -->
  </suite> <!-- Default suite -->
</testng-results>
